
Description:
  Task of Ratchet Server

Commands:
  php oil refine ratchet:ws <class_name>
  php oil refine ratchet:wamp <class_name>
  php oil refine ratchet:help


Description:
  Task of Ratchet Server

Commands:
  php oil refine ratchet:ws <class_name>
  php oil refine ratchet:wamp <class_name>
  php oil refine ratchet:help


Description:
  Task of Ratchet Server

Commands:
  php oil refine ratchet:ws <class_name>
  php oil refine ratchet:wamp <class_name>
  php oil refine ratchet:help


Description:
  Task of Ratchet Server

Commands:
  php oil refine ratchet:ws <class_name>
  php oil refine ratchet:wamp <class_name>
  php oil refine ratchet:help


Description:
  Task of Ratchet Server

Commands:
  php oil refine ratchet:ws <class_name>
  php oil refine ratchet:wamp <class_name>
  php oil refine ratchet:help


Description:
  Task of Ratchet Server

Commands:
  php oil refine ratchet:ws <class_name>
  php oil refine ratchet:wamp <class_name>
  php oil refine ratchet:help


Description:
  Task of Ratchet Server

Commands:
  php oil refine ratchet:ws <class_name>
  php oil refine ratchet:wamp <class_name>
  php oil refine ratchet:help


Description:
  Task of Ratchet Server

Commands:
  php oil refine ratchet:ws <class_name>
  php oil refine ratchet:wamp <class_name>
  php oil refine ratchet:help


Description:
  Task of Ratchet Server

Commands:
  php oil refine ratchet:ws <class_name>
  php oil refine ratchet:wamp <class_name>
  php oil refine ratchet:help


Description:
  Task of Ratchet Server

Commands:
  php oil refine ratchet:ws <class_name>
  php oil refine ratchet:wamp <class_name>
  php oil refine ratchet:help


Description:
  Task of Ratchet Server

Commands:
  php oil refine ratchet:ws <class_name>
  php oil refine ratchet:wamp <class_name>
  php oil refine ratchet:help


Description:
  Task of Ratchet Server

Commands:
  php oil refine ratchet:ws <class_name>
  php oil refine ratchet:wamp <class_name>
  php oil refine ratchet:help


Description:
  Task of Ratchet Server

Commands:
  php oil refine ratchet:ws <class_name>
  php oil refine ratchet:wamp <class_name>
  php oil refine ratchet:help


Description:
  Task of Ratchet Server

Commands:
  php oil refine ratchet:ws <class_name>
  php oil refine ratchet:wamp <class_name>
  php oil refine ratchet:help


Description:
  Task of Ratchet Server

Commands:
  php oil refine ratchet:ws <class_name>
  php oil refine ratchet:wamp <class_name>
  php oil refine ratchet:help


Description:
  Task of Ratchet Server

Commands:
  php oil refine ratchet:ws <class_name>
  php oil refine ratchet:wamp <class_name>
  php oil refine ratchet:help


Description:
  Task of Ratchet Server

Commands:
  php oil refine ratchet:ws <class_name>
  php oil refine ratchet:wamp <class_name>
  php oil refine ratchet:help


Description:
  Task of Ratchet Server

Commands:
  php oil refine ratchet:ws <class_name>
  php oil refine ratchet:wamp <class_name>
  php oil refine ratchet:help


Description:
  Task of Ratchet Server

Commands:
  php oil refine ratchet:ws <class_name>
  php oil refine ratchet:wamp <class_name>
  php oil refine ratchet:help


Description:
  Task of Ratchet Server

Commands:
  php oil refine ratchet:ws <class_name>
  php oil refine ratchet:wamp <class_name>
  php oil refine ratchet:help


Description:
  Task of Ratchet Server

Commands:
  php oil refine ratchet:ws <class_name>
  php oil refine ratchet:wamp <class_name>
  php oil refine ratchet:help


Description:
  Task of Ratchet Server

Commands:
  php oil refine ratchet:ws <class_name>
  php oil refine ratchet:wamp <class_name>
  php oil refine ratchet:help


Description:
  Task of Ratchet Server

Commands:
  php oil refine ratchet:ws <class_name>
  php oil refine ratchet:wamp <class_name>
  php oil refine ratchet:help


Description:
  Task of Ratchet Server

Commands:
  php oil refine ratchet:ws <class_name>
  php oil refine ratchet:wamp <class_name>
  php oil refine ratchet:help

